[debug] [2023-10-13T18:00:01.759Z] ----------------------------------------------------------------------
[debug] [2023-10-13T18:00:01.761Z] Command:       C:\Program Files\nodejs\node.exe C:\Users\tonys\AppData\Roaming\npm\node_modules\firebase-tools\lib\bin\firebase.js login
[debug] [2023-10-13T18:00:01.761Z] CLI Version:   12.7.0
[debug] [2023-10-13T18:00:01.762Z] Platform:      win32
[debug] [2023-10-13T18:00:01.762Z] Node Version:  v18.17.1
[debug] [2023-10-13T18:00:01.762Z] Time:          Fri Oct 13 2023 23:30:01 GMT+0530 (India Standard Time)
[debug] [2023-10-13T18:00:01.763Z] ----------------------------------------------------------------------
[debug] 
[info] i  Firebase optionally collects CLI and Emulator Suite usage and error reporting information to help improve our products. Data is collected in accordance with Google's privacy policy (https://policies.google.com/privacy) and is not used to identify you.
 
[info] i  To change your data collection preference at any time, run `firebase logout` and log in again. 
[info] 
[info] Visit this URL on this device to log in:
[info] https://accounts.google.com/o/oauth2/auth?client_id=563584335869-fgrhgmd47bqnekij5i8b5pr03ho849e6.apps.googleusercontent.com&scope=email%20openid%20https%3A%2F%2Fwww.googleapis.com%2Fauth%2Fcloudplatformprojects.readonly%20https%3A%2F%2Fwww.googleapis.com%2Fauth%2Ffirebase%20https%3A%2F%2Fwww.googleapis.com%2Fauth%2Fcloud-platform&response_type=code&state=774922238&redirect_uri=http%3A%2F%2Flocalhost%3A9005
[info] 
[info] Waiting for authentication...
[debug] [2023-10-13T18:00:04.033Z] Error: spawn cmd ENOENT
    at ChildProcess._handle.onexit (node:internal/child_process:283:19)
    at onErrorNT (node:internal/child_process:476:16)
    at process.processTicksAndRejections (node:internal/process/task_queues:82:21)
[error] 
[error] Error: An unexpected error has occurred.
[debug] [2023-10-13T18:22:35.917Z] ----------------------------------------------------------------------
[debug] [2023-10-13T18:22:35.920Z] Command:       C:\Program Files\nodejs\node.exe C:\Users\tonys\AppData\Roaming\npm\node_modules\firebase-tools\lib\bin\firebase.js login
[debug] [2023-10-13T18:22:35.921Z] CLI Version:   12.7.0
[debug] [2023-10-13T18:22:35.921Z] Platform:      win32
[debug] [2023-10-13T18:22:35.921Z] Node Version:  v18.17.1
[debug] [2023-10-13T18:22:35.922Z] Time:          Fri Oct 13 2023 23:52:35 GMT+0530 (India Standard Time)
[debug] [2023-10-13T18:22:35.922Z] ----------------------------------------------------------------------
[debug] 
[info] i  Firebase optionally collects CLI and Emulator Suite usage and error reporting information to help improve our products. Data is collected in accordance with Google's privacy policy (https://policies.google.com/privacy) and is not used to identify you.
 
[info] i  To change your data collection preference at any time, run `firebase logout` and log in again. 
[info] 
[info] Visit this URL on this device to log in:
[info] https://accounts.google.com/o/oauth2/auth?client_id=563584335869-fgrhgmd47bqnekij5i8b5pr03ho849e6.apps.googleusercontent.com&scope=email%20openid%20https%3A%2F%2Fwww.googleapis.com%2Fauth%2Fcloudplatformprojects.readonly%20https%3A%2F%2Fwww.googleapis.com%2Fauth%2Ffirebase%20https%3A%2F%2Fwww.googleapis.com%2Fauth%2Fcloud-platform&response_type=code&state=526481330&redirect_uri=http%3A%2F%2Flocalhost%3A9005
[info] 
[info] Waiting for authentication...
[debug] [2023-10-13T18:22:39.202Z] Error: spawn cmd ENOENT
    at ChildProcess._handle.onexit (node:internal/child_process:283:19)
    at onErrorNT (node:internal/child_process:476:16)
    at process.processTicksAndRejections (node:internal/process/task_queues:82:21)
[error] 
[error] Error: An unexpected error has occurred.
